~/Desktop/devel/dpctl/backends/build ~/Desktop/devel/dpctl/backends
-- The C compiler identification is Clang 12.0.0
-- The CXX compiler identification is Clang 12.0.0
-- Check for working C compiler: /opt/intel/oneapi/compiler/latest/linux/bin/clang
-- Check for working C compiler: /opt/intel/oneapi/compiler/latest/linux/bin/clang -- works
-- Detecting C compiler ABI info
-- Detecting C compiler ABI info - done
-- Detecting C compile features
-- Detecting C compile features - done
-- Check for working CXX compiler: /opt/intel/oneapi/compiler/latest/linux/bin/dpcpp
-- Check for working CXX compiler: /opt/intel/oneapi/compiler/latest/linux/bin/dpcpp -- works
-- Detecting CXX compiler ABI info
-- Detecting CXX compiler ABI info - done
-- Detecting CXX compile features
-- Detecting CXX compile features - done
-- dpcpp ver[0]: Intel(R) oneAPI DPC++ Compiler 2021.1 (2020.8.0.1005)
-- dpcpp ver[0]: Target: x86_64-unknown-linux-gnu
-- dpcpp ver[0]: Thread model: posix
-- dpcpp ver[0]: InstalledDir: /opt/intel/oneapi/compiler/2021.1-beta10/linux/bin
-- NUMPY_INCLUDE_DIR: /home/diptorupd/.conda/envs/dpctl-devel/lib/python3.8/site-packages/numpy/core/include
-- PYTHON_INCLUDE_DIR: /home/diptorupd/.conda/envs/dpctl-devel/include/python3.8
-- Looking for pthread.h
-- Looking for pthread.h - found
-- Performing Test CMAKE_HAVE_LIBC_PTHREAD
-- Performing Test CMAKE_HAVE_LIBC_PTHREAD - Failed
-- Looking for pthread_create in pthreads
-- Looking for pthread_create in pthreads - not found
-- Looking for pthread_create in pthread
-- Looking for pthread_create in pthread - found
-- Found Threads: TRUE  
-- Configuring done
-- Generating done
-- Build files have been written to: /home/diptorupd/Desktop/devel/dpctl/backends/build
/usr/bin/cmake -S/home/diptorupd/Desktop/devel/dpctl/backends -B/home/diptorupd/Desktop/devel/dpctl/backends/build --check-build-system CMakeFiles/Makefile.cmake 0
/usr/bin/cmake -E cmake_progress_start /home/diptorupd/Desktop/devel/dpctl/backends/build/CMakeFiles /home/diptorupd/Desktop/devel/dpctl/backends/build/CMakeFiles/progress.marks
make -f CMakeFiles/Makefile2 all
make -f CMakeFiles/DPPLSyclInterface.dir/build.make CMakeFiles/DPPLSyclInterface.dir/depend
cd /home/diptorupd/Desktop/devel/dpctl/backends/build && /usr/bin/cmake -E cmake_depends "Unix Makefiles" /home/diptorupd/Desktop/devel/dpctl/backends /home/diptorupd/Desktop/devel/dpctl/backends /home/diptorupd/Desktop/devel/dpctl/backends/build /home/diptorupd/Desktop/devel/dpctl/backends/build /home/diptorupd/Desktop/devel/dpctl/backends/build/CMakeFiles/DPPLSyclInterface.dir/DependInfo.cmake --color=
make -f CMakeFiles/DPPLSyclInterface.dir/build.make CMakeFiles/DPPLSyclInterface.dir/build
/usr/bin/cmake -E cmake_echo_color --switch= --green --progress-dir=/home/diptorupd/Desktop/devel/dpctl/backends/build/CMakeFiles --progress-num=1 "Building CXX object CMakeFiles/DPPLSyclInterface.dir/source/dppl_sycl_context_interface.cpp.o"
/opt/intel/oneapi/compiler/latest/linux/bin/dpcpp  -DDPPLSyclInterface_EXPORTS -I/home/diptorupd/Desktop/devel/dpctl/backends/include -I/home/diptorupd/.conda/envs/dpctl-devel/include/python3.8 -I/home/diptorupd/.conda/envs/dpctl-devel/lib/python3.8/site-packages/numpy/core/include  -Wall -Wextra -Winit-self -Wunused-function -Wuninitialized -Wmissing-declarations -fdiagnostics-color=auto -fstack-protector -fstack-protector-all -fpic -fPIC -D_FORTIFY_SOURCE=2 -Wformat -Wformat-security -fno-strict-overflow -fno-delete-null-pointer-checks -std=c++17 -fsycl -g -Wall -Wextra -Winit-self -Wunused-function -Wuninitialized -Wmissing-declarations -fdiagnostics-color=auto -ggdb3 -DDEBUG -std=c++17 -fsycl -fPIC   -o CMakeFiles/DPPLSyclInterface.dir/source/dppl_sycl_context_interface.cpp.o -c /home/diptorupd/Desktop/devel/dpctl/backends/source/dppl_sycl_context_interface.cpp
/usr/bin/cmake -E cmake_echo_color --switch= --green --progress-dir=/home/diptorupd/Desktop/devel/dpctl/backends/build/CMakeFiles --progress-num=2 "Building CXX object CMakeFiles/DPPLSyclInterface.dir/source/dppl_sycl_device_interface.cpp.o"
/opt/intel/oneapi/compiler/latest/linux/bin/dpcpp  -DDPPLSyclInterface_EXPORTS -I/home/diptorupd/Desktop/devel/dpctl/backends/include -I/home/diptorupd/.conda/envs/dpctl-devel/include/python3.8 -I/home/diptorupd/.conda/envs/dpctl-devel/lib/python3.8/site-packages/numpy/core/include  -Wall -Wextra -Winit-self -Wunused-function -Wuninitialized -Wmissing-declarations -fdiagnostics-color=auto -fstack-protector -fstack-protector-all -fpic -fPIC -D_FORTIFY_SOURCE=2 -Wformat -Wformat-security -fno-strict-overflow -fno-delete-null-pointer-checks -std=c++17 -fsycl -g -Wall -Wextra -Winit-self -Wunused-function -Wuninitialized -Wmissing-declarations -fdiagnostics-color=auto -ggdb3 -DDEBUG -std=c++17 -fsycl -fPIC   -o CMakeFiles/DPPLSyclInterface.dir/source/dppl_sycl_device_interface.cpp.o -c /home/diptorupd/Desktop/devel/dpctl/backends/source/dppl_sycl_device_interface.cpp
/usr/bin/cmake -E cmake_echo_color --switch= --green --progress-dir=/home/diptorupd/Desktop/devel/dpctl/backends/build/CMakeFiles --progress-num=3 "Building CXX object CMakeFiles/DPPLSyclInterface.dir/source/dppl_sycl_event_interface.cpp.o"
/opt/intel/oneapi/compiler/latest/linux/bin/dpcpp  -DDPPLSyclInterface_EXPORTS -I/home/diptorupd/Desktop/devel/dpctl/backends/include -I/home/diptorupd/.conda/envs/dpctl-devel/include/python3.8 -I/home/diptorupd/.conda/envs/dpctl-devel/lib/python3.8/site-packages/numpy/core/include  -Wall -Wextra -Winit-self -Wunused-function -Wuninitialized -Wmissing-declarations -fdiagnostics-color=auto -fstack-protector -fstack-protector-all -fpic -fPIC -D_FORTIFY_SOURCE=2 -Wformat -Wformat-security -fno-strict-overflow -fno-delete-null-pointer-checks -std=c++17 -fsycl -g -Wall -Wextra -Winit-self -Wunused-function -Wuninitialized -Wmissing-declarations -fdiagnostics-color=auto -ggdb3 -DDEBUG -std=c++17 -fsycl -fPIC   -o CMakeFiles/DPPLSyclInterface.dir/source/dppl_sycl_event_interface.cpp.o -c /home/diptorupd/Desktop/devel/dpctl/backends/source/dppl_sycl_event_interface.cpp
/usr/bin/cmake -E cmake_echo_color --switch= --green --progress-dir=/home/diptorupd/Desktop/devel/dpctl/backends/build/CMakeFiles --progress-num=4 "Building CXX object CMakeFiles/DPPLSyclInterface.dir/source/dppl_sycl_kernel_interface.cpp.o"
/opt/intel/oneapi/compiler/latest/linux/bin/dpcpp  -DDPPLSyclInterface_EXPORTS -I/home/diptorupd/Desktop/devel/dpctl/backends/include -I/home/diptorupd/.conda/envs/dpctl-devel/include/python3.8 -I/home/diptorupd/.conda/envs/dpctl-devel/lib/python3.8/site-packages/numpy/core/include  -Wall -Wextra -Winit-self -Wunused-function -Wuninitialized -Wmissing-declarations -fdiagnostics-color=auto -fstack-protector -fstack-protector-all -fpic -fPIC -D_FORTIFY_SOURCE=2 -Wformat -Wformat-security -fno-strict-overflow -fno-delete-null-pointer-checks -std=c++17 -fsycl -g -Wall -Wextra -Winit-self -Wunused-function -Wuninitialized -Wmissing-declarations -fdiagnostics-color=auto -ggdb3 -DDEBUG -std=c++17 -fsycl -fPIC   -o CMakeFiles/DPPLSyclInterface.dir/source/dppl_sycl_kernel_interface.cpp.o -c /home/diptorupd/Desktop/devel/dpctl/backends/source/dppl_sycl_kernel_interface.cpp
/usr/bin/cmake -E cmake_echo_color --switch= --green --progress-dir=/home/diptorupd/Desktop/devel/dpctl/backends/build/CMakeFiles --progress-num=5 "Building CXX object CMakeFiles/DPPLSyclInterface.dir/source/dppl_sycl_platform_interface.cpp.o"
/opt/intel/oneapi/compiler/latest/linux/bin/dpcpp  -DDPPLSyclInterface_EXPORTS -I/home/diptorupd/Desktop/devel/dpctl/backends/include -I/home/diptorupd/.conda/envs/dpctl-devel/include/python3.8 -I/home/diptorupd/.conda/envs/dpctl-devel/lib/python3.8/site-packages/numpy/core/include  -Wall -Wextra -Winit-self -Wunused-function -Wuninitialized -Wmissing-declarations -fdiagnostics-color=auto -fstack-protector -fstack-protector-all -fpic -fPIC -D_FORTIFY_SOURCE=2 -Wformat -Wformat-security -fno-strict-overflow -fno-delete-null-pointer-checks -std=c++17 -fsycl -g -Wall -Wextra -Winit-self -Wunused-function -Wuninitialized -Wmissing-declarations -fdiagnostics-color=auto -ggdb3 -DDEBUG -std=c++17 -fsycl -fPIC   -o CMakeFiles/DPPLSyclInterface.dir/source/dppl_sycl_platform_interface.cpp.o -c /home/diptorupd/Desktop/devel/dpctl/backends/source/dppl_sycl_platform_interface.cpp
/usr/bin/cmake -E cmake_echo_color --switch= --green --progress-dir=/home/diptorupd/Desktop/devel/dpctl/backends/build/CMakeFiles --progress-num=6 "Building CXX object CMakeFiles/DPPLSyclInterface.dir/source/dppl_sycl_program_interface.cpp.o"
/opt/intel/oneapi/compiler/latest/linux/bin/dpcpp  -DDPPLSyclInterface_EXPORTS -I/home/diptorupd/Desktop/devel/dpctl/backends/include -I/home/diptorupd/.conda/envs/dpctl-devel/include/python3.8 -I/home/diptorupd/.conda/envs/dpctl-devel/lib/python3.8/site-packages/numpy/core/include  -Wall -Wextra -Winit-self -Wunused-function -Wuninitialized -Wmissing-declarations -fdiagnostics-color=auto -fstack-protector -fstack-protector-all -fpic -fPIC -D_FORTIFY_SOURCE=2 -Wformat -Wformat-security -fno-strict-overflow -fno-delete-null-pointer-checks -std=c++17 -fsycl -g -Wall -Wextra -Winit-self -Wunused-function -Wuninitialized -Wmissing-declarations -fdiagnostics-color=auto -ggdb3 -DDEBUG -std=c++17 -fsycl -fPIC   -o CMakeFiles/DPPLSyclInterface.dir/source/dppl_sycl_program_interface.cpp.o -c /home/diptorupd/Desktop/devel/dpctl/backends/source/dppl_sycl_program_interface.cpp
/usr/bin/cmake -E cmake_echo_color --switch= --green --progress-dir=/home/diptorupd/Desktop/devel/dpctl/backends/build/CMakeFiles --progress-num=7 "Building CXX object CMakeFiles/DPPLSyclInterface.dir/source/dppl_sycl_queue_interface.cpp.o"
/opt/intel/oneapi/compiler/latest/linux/bin/dpcpp  -DDPPLSyclInterface_EXPORTS -I/home/diptorupd/Desktop/devel/dpctl/backends/include -I/home/diptorupd/.conda/envs/dpctl-devel/include/python3.8 -I/home/diptorupd/.conda/envs/dpctl-devel/lib/python3.8/site-packages/numpy/core/include  -Wall -Wextra -Winit-self -Wunused-function -Wuninitialized -Wmissing-declarations -fdiagnostics-color=auto -fstack-protector -fstack-protector-all -fpic -fPIC -D_FORTIFY_SOURCE=2 -Wformat -Wformat-security -fno-strict-overflow -fno-delete-null-pointer-checks -std=c++17 -fsycl -g -Wall -Wextra -Winit-self -Wunused-function -Wuninitialized -Wmissing-declarations -fdiagnostics-color=auto -ggdb3 -DDEBUG -std=c++17 -fsycl -fPIC   -o CMakeFiles/DPPLSyclInterface.dir/source/dppl_sycl_queue_interface.cpp.o -c /home/diptorupd/Desktop/devel/dpctl/backends/source/dppl_sycl_queue_interface.cpp
/usr/bin/cmake -E cmake_echo_color --switch= --green --progress-dir=/home/diptorupd/Desktop/devel/dpctl/backends/build/CMakeFiles --progress-num=8 "Building CXX object CMakeFiles/DPPLSyclInterface.dir/source/dppl_sycl_queue_manager.cpp.o"
/opt/intel/oneapi/compiler/latest/linux/bin/dpcpp  -DDPPLSyclInterface_EXPORTS -I/home/diptorupd/Desktop/devel/dpctl/backends/include -I/home/diptorupd/.conda/envs/dpctl-devel/include/python3.8 -I/home/diptorupd/.conda/envs/dpctl-devel/lib/python3.8/site-packages/numpy/core/include  -Wall -Wextra -Winit-self -Wunused-function -Wuninitialized -Wmissing-declarations -fdiagnostics-color=auto -fstack-protector -fstack-protector-all -fpic -fPIC -D_FORTIFY_SOURCE=2 -Wformat -Wformat-security -fno-strict-overflow -fno-delete-null-pointer-checks -std=c++17 -fsycl -g -Wall -Wextra -Winit-self -Wunused-function -Wuninitialized -Wmissing-declarations -fdiagnostics-color=auto -ggdb3 -DDEBUG -std=c++17 -fsycl -fPIC   -o CMakeFiles/DPPLSyclInterface.dir/source/dppl_sycl_queue_manager.cpp.o -c /home/diptorupd/Desktop/devel/dpctl/backends/source/dppl_sycl_queue_manager.cpp
/usr/bin/cmake -E cmake_echo_color --switch= --green --progress-dir=/home/diptorupd/Desktop/devel/dpctl/backends/build/CMakeFiles --progress-num=9 "Building CXX object CMakeFiles/DPPLSyclInterface.dir/source/dppl_sycl_usm_interface.cpp.o"
/opt/intel/oneapi/compiler/latest/linux/bin/dpcpp  -DDPPLSyclInterface_EXPORTS -I/home/diptorupd/Desktop/devel/dpctl/backends/include -I/home/diptorupd/.conda/envs/dpctl-devel/include/python3.8 -I/home/diptorupd/.conda/envs/dpctl-devel/lib/python3.8/site-packages/numpy/core/include  -Wall -Wextra -Winit-self -Wunused-function -Wuninitialized -Wmissing-declarations -fdiagnostics-color=auto -fstack-protector -fstack-protector-all -fpic -fPIC -D_FORTIFY_SOURCE=2 -Wformat -Wformat-security -fno-strict-overflow -fno-delete-null-pointer-checks -std=c++17 -fsycl -g -Wall -Wextra -Winit-self -Wunused-function -Wuninitialized -Wmissing-declarations -fdiagnostics-color=auto -ggdb3 -DDEBUG -std=c++17 -fsycl -fPIC   -o CMakeFiles/DPPLSyclInterface.dir/source/dppl_sycl_usm_interface.cpp.o -c /home/diptorupd/Desktop/devel/dpctl/backends/source/dppl_sycl_usm_interface.cpp
/usr/bin/cmake -E cmake_echo_color --switch= --green --progress-dir=/home/diptorupd/Desktop/devel/dpctl/backends/build/CMakeFiles --progress-num=10 "Building CXX object CMakeFiles/DPPLSyclInterface.dir/source/dppl_utils.cpp.o"
/opt/intel/oneapi/compiler/latest/linux/bin/dpcpp  -DDPPLSyclInterface_EXPORTS -I/home/diptorupd/Desktop/devel/dpctl/backends/include -I/home/diptorupd/.conda/envs/dpctl-devel/include/python3.8 -I/home/diptorupd/.conda/envs/dpctl-devel/lib/python3.8/site-packages/numpy/core/include  -Wall -Wextra -Winit-self -Wunused-function -Wuninitialized -Wmissing-declarations -fdiagnostics-color=auto -fstack-protector -fstack-protector-all -fpic -fPIC -D_FORTIFY_SOURCE=2 -Wformat -Wformat-security -fno-strict-overflow -fno-delete-null-pointer-checks -std=c++17 -fsycl -g -Wall -Wextra -Winit-self -Wunused-function -Wuninitialized -Wmissing-declarations -fdiagnostics-color=auto -ggdb3 -DDEBUG -std=c++17 -fsycl -fPIC   -o CMakeFiles/DPPLSyclInterface.dir/source/dppl_utils.cpp.o -c /home/diptorupd/Desktop/devel/dpctl/backends/source/dppl_utils.cpp
/usr/bin/cmake -E cmake_echo_color --switch= --green --bold --progress-dir=/home/diptorupd/Desktop/devel/dpctl/backends/build/CMakeFiles --progress-num=11 "Linking CXX shared library libDPPLSyclInterface.so"
/usr/bin/cmake -E cmake_link_script CMakeFiles/DPPLSyclInterface.dir/link.txt --verbose=
/usr/bin/cmake -E cmake_echo_color --switch= --progress-dir=/home/diptorupd/Desktop/devel/dpctl/backends/build/CMakeFiles --progress-num=1,2,3,4,5,6,7,8,9,10,11 "Built target DPPLSyclInterface"
/usr/bin/cmake -E cmake_progress_start /home/diptorupd/Desktop/devel/dpctl/backends/build/CMakeFiles 0
Scanning dependencies of target DPPLSyclInterface
[  4%] Building CXX object CMakeFiles/DPPLSyclInterface.dir/source/dppl_sycl_context_interface.cpp.o
[  8%] Building CXX object CMakeFiles/DPPLSyclInterface.dir/source/dppl_sycl_device_interface.cpp.o
[ 12%] Building CXX object CMakeFiles/DPPLSyclInterface.dir/source/dppl_sycl_event_interface.cpp.o
[ 16%] Building CXX object CMakeFiles/DPPLSyclInterface.dir/source/dppl_sycl_kernel_interface.cpp.o
[ 20%] Building CXX object CMakeFiles/DPPLSyclInterface.dir/source/dppl_sycl_platform_interface.cpp.o
[ 24%] Building CXX object CMakeFiles/DPPLSyclInterface.dir/source/dppl_sycl_program_interface.cpp.o
[ 28%] Building CXX object CMakeFiles/DPPLSyclInterface.dir/source/dppl_sycl_queue_interface.cpp.o
[ 32%] Building CXX object CMakeFiles/DPPLSyclInterface.dir/source/dppl_sycl_queue_manager.cpp.o
[ 36%] Building CXX object CMakeFiles/DPPLSyclInterface.dir/source/dppl_sycl_usm_interface.cpp.o
[ 40%] Building CXX object CMakeFiles/DPPLSyclInterface.dir/source/dppl_utils.cpp.o
[ 44%] Linking CXX shared library libDPPLSyclInterface.so
[ 44%] Built target DPPLSyclInterface
Scanning dependencies of target test_sycl_program_interface
[ 48%] Building CXX object tests/CMakeFiles/test_sycl_program_interface.dir/test_sycl_program_interface.cpp.o
/home/diptorupd/Desktop/devel/dpctl/backends/tests/test_sycl_program_interface.cpp:50:26: warning: comparison of integers of different signs: 'int' and 'const size_t' (aka 'const unsigned long') [-Wsign-compare]
        for (int i = 0; i<SIZE; ++i) {
                        ~^~~~~
/home/diptorupd/Desktop/devel/dpctl/backends/tests/test_sycl_program_interface.cpp:82:26: warning: comparison of integers of different signs: 'int' and 'const size_t' (aka 'const unsigned long') [-Wsign-compare]
        for (int i = 0; i<SIZE; ++i) {
                        ~^~~~~
/home/diptorupd/Desktop/devel/dpctl/backends/tests/test_sycl_program_interface.cpp:131:9: warning: field 'nOpenCLGpuQ' will be initialized after field 'spirvFile' [-Wreorder-ctor]
        nOpenCLGpuQ(DPPLQueueMgr_GetNumQueues(DPPL_OPENCL, DPPL_GPU)),
        ^
In file included from /home/diptorupd/Desktop/devel/dpctl/backends/tests/test_sycl_program_interface.cpp:36:
/home/diptorupd/.conda/envs/dpctl-devel/include/gtest/gtest.h:1527:11: warning: comparison of integers of different signs: 'const int' and 'const unsigned long' [-Wsign-compare]
  if (lhs == rhs) {
      ~~~ ^  ~~~
/home/diptorupd/.conda/envs/dpctl-devel/include/gtest/gtest.h:1554:12: note: in instantiation of function template specialization 'testing::internal::CmpHelperEQ<int, unsigned long>' requested here
    return CmpHelperEQ(lhs_expression, rhs_expression, lhs, rhs);
           ^
/home/diptorupd/Desktop/devel/dpctl/backends/tests/test_sycl_program_interface.cpp:73:13: note: in instantiation of function template specialization 'testing::internal::EqHelper::Compare<int, unsigned long, nullptr>' requested here
            EXPECT_EQ(c[i], i + i);
            ^
/home/diptorupd/.conda/envs/dpctl-devel/include/gtest/gtest.h:2028:54: note: expanded from macro 'EXPECT_EQ'
  EXPECT_PRED_FORMAT2(::testing::internal::EqHelper::Compare, val1, val2)
                                                     ^
4 warnings generated.
/home/diptorupd/Desktop/devel/dpctl/backends/tests/test_sycl_program_interface.cpp:50:26: warning: comparison of integers of different signs: 'int' and 'const size_t' (aka 'const unsigned long') [-Wsign-compare]
        for (int i = 0; i<SIZE; ++i) {
                        ~^~~~~
/home/diptorupd/Desktop/devel/dpctl/backends/tests/test_sycl_program_interface.cpp:82:26: warning: comparison of integers of different signs: 'int' and 'const size_t' (aka 'const unsigned long') [-Wsign-compare]
        for (int i = 0; i<SIZE; ++i) {
                        ~^~~~~
/home/diptorupd/Desktop/devel/dpctl/backends/tests/test_sycl_program_interface.cpp:131:9: warning: field 'nOpenCLGpuQ' will be initialized after field 'spirvFile' [-Wreorder-ctor]
        nOpenCLGpuQ(DPPLQueueMgr_GetNumQueues(DPPL_OPENCL, DPPL_GPU)),
        ^
In file included from /home/diptorupd/Desktop/devel/dpctl/backends/tests/test_sycl_program_interface.cpp:36:
/home/diptorupd/.conda/envs/dpctl-devel/include/gtest/gtest.h:1527:11: warning: comparison of integers of different signs: 'const int' and 'const unsigned long' [-Wsign-compare]
  if (lhs == rhs) {
      ~~~ ^  ~~~
/home/diptorupd/.conda/envs/dpctl-devel/include/gtest/gtest.h:1554:12: note: in instantiation of function template specialization 'testing::internal::CmpHelperEQ<int, unsigned long>' requested here
    return CmpHelperEQ(lhs_expression, rhs_expression, lhs, rhs);
           ^
/home/diptorupd/Desktop/devel/dpctl/backends/tests/test_sycl_program_interface.cpp:73:13: note: in instantiation of function template specialization 'testing::internal::EqHelper::Compare<int, unsigned long, nullptr>' requested here
            EXPECT_EQ(c[i], i + i);
            ^
/home/diptorupd/.conda/envs/dpctl-devel/include/gtest/gtest.h:2028:54: note: expanded from macro 'EXPECT_EQ'
  EXPECT_PRED_FORMAT2(::testing::internal::EqHelper::Compare, val1, val2)
                                                     ^
4 warnings generated.
/home/diptorupd/Desktop/devel/dpctl/backends/tests/test_sycl_program_interface.cpp:50:26: warning: comparison of integers of different signs: 'int' and 'const size_t' (aka 'const unsigned long') [-Wsign-compare]
        for (int i = 0; i<SIZE; ++i) {
                        ~^~~~~
/home/diptorupd/Desktop/devel/dpctl/backends/tests/test_sycl_program_interface.cpp:82:26: warning: comparison of integers of different signs: 'int' and 'const size_t' (aka 'const unsigned long') [-Wsign-compare]
        for (int i = 0; i<SIZE; ++i) {
                        ~^~~~~
/home/diptorupd/Desktop/devel/dpctl/backends/tests/test_sycl_program_interface.cpp:131:9: warning: field 'nOpenCLGpuQ' will be initialized after field 'spirvFile' [-Wreorder-ctor]
        nOpenCLGpuQ(DPPLQueueMgr_GetNumQueues(DPPL_OPENCL, DPPL_GPU)),
        ^
In file included from /home/diptorupd/Desktop/devel/dpctl/backends/tests/test_sycl_program_interface.cpp:36:
/home/diptorupd/.conda/envs/dpctl-devel/include/gtest/gtest.h:1527:11: warning: comparison of integers of different signs: 'const int' and 'const unsigned long' [-Wsign-compare]
  if (lhs == rhs) {
      ~~~ ^  ~~~
/home/diptorupd/.conda/envs/dpctl-devel/include/gtest/gtest.h:1554:12: note: in instantiation of function template specialization 'testing::internal::CmpHelperEQ<int, unsigned long>' requested here
    return CmpHelperEQ(lhs_expression, rhs_expression, lhs, rhs);
           ^
/home/diptorupd/Desktop/devel/dpctl/backends/tests/test_sycl_program_interface.cpp:73:13: note: in instantiation of function template specialization 'testing::internal::EqHelper::Compare<int, unsigned long, nullptr>' requested here
            EXPECT_EQ(c[i], i + i);
            ^
/home/diptorupd/.conda/envs/dpctl-devel/include/gtest/gtest.h:2028:54: note: expanded from macro 'EXPECT_EQ'
  EXPECT_PRED_FORMAT2(::testing::internal::EqHelper::Compare, val1, val2)
                                                     ^
4 warnings generated.
[ 52%] Linking CXX executable test_sycl_program_interface
[ 52%] Built target test_sycl_program_interface
Scanning dependencies of target test_sycl_queue_manager
[ 56%] Building CXX object tests/CMakeFiles/test_sycl_queue_manager.dir/test_sycl_queue_manager.cpp.o
[ 60%] Linking CXX executable test_sycl_queue_manager
[ 60%] Built target test_sycl_queue_manager
Scanning dependencies of target test_sycl_kernel_interface
[ 64%] Building CXX object tests/CMakeFiles/test_sycl_kernel_interface.dir/test_sycl_kernel_interface.cpp.o
[ 68%] Linking CXX executable test_sycl_kernel_interface
[ 68%] Built target test_sycl_kernel_interface
Scanning dependencies of target test_sycl_usm_interface
[ 72%] Building CXX object tests/CMakeFiles/test_sycl_usm_interface.dir/test_sycl_usm_interface.cpp.o
/home/diptorupd/Desktop/devel/dpctl/backends/tests/test_sycl_usm_interface.cpp:41:18: warning: unused variable 'SIZE' [-Wunused-const-variable]
constexpr size_t SIZE = 1024;
                 ^
1 warning generated.
/home/diptorupd/Desktop/devel/dpctl/backends/tests/test_sycl_usm_interface.cpp:41:18: warning: unused variable 'SIZE' [-Wunused-const-variable]
constexpr size_t SIZE = 1024;
                 ^
1 warning generated.
/home/diptorupd/Desktop/devel/dpctl/backends/tests/test_sycl_usm_interface.cpp:41:18: warning: unused variable 'SIZE' [-Wunused-const-variable]
constexpr size_t SIZE = 1024;
                 ^
1 warning generated.
[ 76%] Linking CXX executable test_sycl_usm_interface
[ 76%] Built target test_sycl_usm_interface
Scanning dependencies of target test_sycl_platform_interface
[ 80%] Building CXX object tests/CMakeFiles/test_sycl_platform_interface.dir/test_sycl_platform_interface.cpp.o
[ 84%] Linking CXX executable test_sycl_platform_interface
[ 84%] Built target test_sycl_platform_interface
Scanning dependencies of target test_sycl_queue_interface
[ 88%] Building CXX object tests/CMakeFiles/test_sycl_queue_interface.dir/test_sycl_queue_interface.cpp.o
[ 92%] Linking CXX executable test_sycl_queue_interface
[ 92%] Built target test_sycl_queue_interface
Scanning dependencies of target test_sycl_device_interface
[ 96%] Building CXX object tests/CMakeFiles/test_sycl_device_interface.dir/test_sycl_device_interface.cpp.o
[100%] Linking CXX executable test_sycl_device_interface
[100%] Built target test_sycl_device_interface
Scanning dependencies of target check
UpdateCTestConfiguration  from :/home/diptorupd/Desktop/devel/dpctl/backends/build/tests/DartConfiguration.tcl
UpdateCTestConfiguration  from :/home/diptorupd/Desktop/devel/dpctl/backends/build/tests/DartConfiguration.tcl
Test project /home/diptorupd/Desktop/devel/dpctl/backends/build/tests
Constructing a list of tests
Done constructing a list of tests
Updating test list for fixtures
Added 0 tests to meet fixture requirements
Checking test dependency graph...
Checking test dependency graph end
test 1
    Start 1: test_sycl_device_interface

1: Test command: /home/diptorupd/Desktop/devel/dpctl/backends/build/tests/test_sycl_device_interface
1: Test timeout computed to be: 10000000
1: [==========] Running 33 tests from 1 test suite.
1: [----------] Global test environment set-up.
1: [----------] 33 tests from TestDPPLSyclDeviceInterface
1: [ RUN      ] TestDPPLSyclDeviceInterface.CheckOCLCPU_GetDriverInfo
1: [       OK ] TestDPPLSyclDeviceInterface.CheckOCLCPU_GetDriverInfo (235 ms)
1: [ RUN      ] TestDPPLSyclDeviceInterface.CheckOCLGPU_GetDriverInfo
1: [       OK ] TestDPPLSyclDeviceInterface.CheckOCLGPU_GetDriverInfo (0 ms)
1: [ RUN      ] TestDPPLSyclDeviceInterface.CheckLevel0GPU_GetDriverInfo
1: [       OK ] TestDPPLSyclDeviceInterface.CheckLevel0GPU_GetDriverInfo (0 ms)
1: [ RUN      ] TestDPPLSyclDeviceInterface.CheckOCLCPU_GetMaxComputeUnits
1: [       OK ] TestDPPLSyclDeviceInterface.CheckOCLCPU_GetMaxComputeUnits (0 ms)
1: [ RUN      ] TestDPPLSyclDeviceInterface.CheckOCLGPU_GetMaxComputeUnits
1: [       OK ] TestDPPLSyclDeviceInterface.CheckOCLGPU_GetMaxComputeUnits (0 ms)
1: [ RUN      ] TestDPPLSyclDeviceInterface.CheckLevel0GPU_GetMaxComputeUnits
1: [       OK ] TestDPPLSyclDeviceInterface.CheckLevel0GPU_GetMaxComputeUnits (0 ms)
1: [ RUN      ] TestDPPLSyclDeviceInterface.CheckOCLCPU_GetMaxWorkItemDims
1: [       OK ] TestDPPLSyclDeviceInterface.CheckOCLCPU_GetMaxWorkItemDims (0 ms)
1: [ RUN      ] TestDPPLSyclDeviceInterface.CheckOCLGPU_GetMaxWorkItemDims
1: [       OK ] TestDPPLSyclDeviceInterface.CheckOCLGPU_GetMaxWorkItemDims (0 ms)
1: [ RUN      ] TestDPPLSyclDeviceInterface.CheckLevel0GPU_GetMaxWorkItemDims
1: [       OK ] TestDPPLSyclDeviceInterface.CheckLevel0GPU_GetMaxWorkItemDims (0 ms)
1: [ RUN      ] TestDPPLSyclDeviceInterface.CheckOCLCPU_GetMaxWorkItemSizes
1: [       OK ] TestDPPLSyclDeviceInterface.CheckOCLCPU_GetMaxWorkItemSizes (0 ms)
1: [ RUN      ] TestDPPLSyclDeviceInterface.CheckOCLGPU_GetMaxWorkItemSizes
1: [       OK ] TestDPPLSyclDeviceInterface.CheckOCLGPU_GetMaxWorkItemSizes (0 ms)
1: [ RUN      ] TestDPPLSyclDeviceInterface.CheckLevel0GPU_GetMaxWorkItemSizes
1: [       OK ] TestDPPLSyclDeviceInterface.CheckLevel0GPU_GetMaxWorkItemSizes (0 ms)
1: [ RUN      ] TestDPPLSyclDeviceInterface.CheckOCLCPU_GetMaxWorkGroupSize
1: [       OK ] TestDPPLSyclDeviceInterface.CheckOCLCPU_GetMaxWorkGroupSize (1 ms)
1: [ RUN      ] TestDPPLSyclDeviceInterface.CheckOCLGPU_GetMaxWorkGroupSize
1: [       OK ] TestDPPLSyclDeviceInterface.CheckOCLGPU_GetMaxWorkGroupSize (0 ms)
1: [ RUN      ] TestDPPLSyclDeviceInterface.CheckLevel0GPU_GetMaxWorkGroupSize
1: [       OK ] TestDPPLSyclDeviceInterface.CheckLevel0GPU_GetMaxWorkGroupSize (0 ms)
1: [ RUN      ] TestDPPLSyclDeviceInterface.CheckOCLCPU_GetMaxNumSubGroups
1: [       OK ] TestDPPLSyclDeviceInterface.CheckOCLCPU_GetMaxNumSubGroups (0 ms)
1: [ RUN      ] TestDPPLSyclDeviceInterface.CheckOCLGPU_GetMaxNumSubGroups
1: [       OK ] TestDPPLSyclDeviceInterface.CheckOCLGPU_GetMaxNumSubGroups (0 ms)
1: [ RUN      ] TestDPPLSyclDeviceInterface.CheckLevel0GPU_GetMaxNumSubGroups
1: [       OK ] TestDPPLSyclDeviceInterface.CheckLevel0GPU_GetMaxNumSubGroups (0 ms)
1: [ RUN      ] TestDPPLSyclDeviceInterface.CheckOCLCPU_HasInt64BaseAtomics
1: [       OK ] TestDPPLSyclDeviceInterface.CheckOCLCPU_HasInt64BaseAtomics (0 ms)
1: [ RUN      ] TestDPPLSyclDeviceInterface.CheckOCLGPU_HasInt64BaseAtomics
1: [       OK ] TestDPPLSyclDeviceInterface.CheckOCLGPU_HasInt64BaseAtomics (0 ms)
1: [ RUN      ] TestDPPLSyclDeviceInterface.CheckLevel0GPU_HasInt64BaseAtomics
1: [       OK ] TestDPPLSyclDeviceInterface.CheckLevel0GPU_HasInt64BaseAtomics (0 ms)
1: [ RUN      ] TestDPPLSyclDeviceInterface.CheckOCLCPU_HasInt64ExtendedAtomics
1: [       OK ] TestDPPLSyclDeviceInterface.CheckOCLCPU_HasInt64ExtendedAtomics (0 ms)
1: [ RUN      ] TestDPPLSyclDeviceInterface.CheckOCLGPU_HasInt64ExtendedAtomics
1: [       OK ] TestDPPLSyclDeviceInterface.CheckOCLGPU_HasInt64ExtendedAtomics (0 ms)
1: [ RUN      ] TestDPPLSyclDeviceInterface.CheckLevel0GPU_HasInt64ExtendedAtomics
1: [       OK ] TestDPPLSyclDeviceInterface.CheckLevel0GPU_HasInt64ExtendedAtomics (0 ms)
1: [ RUN      ] TestDPPLSyclDeviceInterface.CheckOCLCPU_GetName
1: [       OK ] TestDPPLSyclDeviceInterface.CheckOCLCPU_GetName (0 ms)
1: [ RUN      ] TestDPPLSyclDeviceInterface.CheckOCLGPU_GetName
1: [       OK ] TestDPPLSyclDeviceInterface.CheckOCLGPU_GetName (0 ms)
1: [ RUN      ] TestDPPLSyclDeviceInterface.CheckLevel0GPU_GetName
1: [       OK ] TestDPPLSyclDeviceInterface.CheckLevel0GPU_GetName (0 ms)
1: [ RUN      ] TestDPPLSyclDeviceInterface.CheckOCLCPU_GetVendorName
1: [       OK ] TestDPPLSyclDeviceInterface.CheckOCLCPU_GetVendorName (0 ms)
1: [ RUN      ] TestDPPLSyclDeviceInterface.CheckOCLGPU_GetVendorName
1: [       OK ] TestDPPLSyclDeviceInterface.CheckOCLGPU_GetVendorName (0 ms)
1: [ RUN      ] TestDPPLSyclDeviceInterface.CheckLevel0GPU_GetVendorName
1: [       OK ] TestDPPLSyclDeviceInterface.CheckLevel0GPU_GetVendorName (0 ms)
1: [ RUN      ] TestDPPLSyclDeviceInterface.CheckOCLCPU_IsCPU
1: [       OK ] TestDPPLSyclDeviceInterface.CheckOCLCPU_IsCPU (0 ms)
1: [ RUN      ] TestDPPLSyclDeviceInterface.CheckOCLGPU_IsGPU
1: [       OK ] TestDPPLSyclDeviceInterface.CheckOCLGPU_IsGPU (0 ms)
1: [ RUN      ] TestDPPLSyclDeviceInterface.CheckLevel0GPU_IsGPU
1: [       OK ] TestDPPLSyclDeviceInterface.CheckLevel0GPU_IsGPU (0 ms)
1: [----------] 33 tests from TestDPPLSyclDeviceInterface (236 ms total)
1: 
1: [----------] Global test environment tear-down
1: [==========] 33 tests from 1 test suite ran. (236 ms total)
1: [  PASSED  ] 33 tests.
1/7 Test #1: test_sycl_device_interface .......   Passed    0.30 sec
test 2
    Start 2: test_sycl_kernel_interface

2: Test command: /home/diptorupd/Desktop/devel/dpctl/backends/build/tests/test_sycl_kernel_interface
2: Test timeout computed to be: 10000000
2: [==========] Running 2 tests from 1 test suite.
2: [----------] Global test environment set-up.
2: [----------] 2 tests from TestDPPLSyclKernelInterface
2: [ RUN      ] TestDPPLSyclKernelInterface.CheckGetFunctionName
2: [       OK ] TestDPPLSyclKernelInterface.CheckGetFunctionName (397 ms)
2: [ RUN      ] TestDPPLSyclKernelInterface.CheckGetNumArgs
2: [       OK ] TestDPPLSyclKernelInterface.CheckGetNumArgs (242 ms)
2: [----------] 2 tests from TestDPPLSyclKernelInterface (639 ms total)
2: 
2: [----------] Global test environment tear-down
2: [==========] 2 tests from 1 test suite ran. (639 ms total)
2: [  PASSED  ] 2 tests.
2/7 Test #2: test_sycl_kernel_interface .......   Passed    0.73 sec
test 3
    Start 3: test_sycl_platform_interface

3: Test command: /home/diptorupd/Desktop/devel/dpctl/backends/build/tests/test_sycl_platform_interface
3: Test timeout computed to be: 10000000
3: [==========] Running 4 tests from 1 test suite.
3: [----------] Global test environment set-up.
3: [----------] 4 tests from TestDPPLSyclPlatformInterface
3: [ RUN      ] TestDPPLSyclPlatformInterface.CheckGetNumPlatforms
3: [       OK ] TestDPPLSyclPlatformInterface.CheckGetNumPlatforms (145 ms)
3: [ RUN      ] TestDPPLSyclPlatformInterface.GetNumBackends
3: [       OK ] TestDPPLSyclPlatformInterface.GetNumBackends (0 ms)
3: [ RUN      ] TestDPPLSyclPlatformInterface.GetListOfBackends
3: [       OK ] TestDPPLSyclPlatformInterface.GetListOfBackends (0 ms)
3: [ RUN      ] TestDPPLSyclPlatformInterface.CheckDPPLPlatformDumpInfo
3: ---Platform 0
3:     Name        Intel(R) FPGA Emulation Platform for OpenCL(TM)
3:     Version     OpenCL 1.2 Intel(R) FPGA SDK for OpenCL(TM), Version 20.3
3:     Vendor      Intel(R) Corporation
3:     Profile     EMBEDDED_PROFILE
3:     Backend     opencl
3:     Devices     1
3: ---Device 0
3:         Name                Intel(R) FPGA Emulation Device
3:         Driver version      2020.11.10.0.05_160000
3:         Device type         accelerator
3: ---Platform 1
3:     Name        Intel(R) OpenCL
3:     Version     OpenCL 2.1 LINUX
3:     Vendor      Intel(R) Corporation
3:     Profile     FULL_PROFILE
3:     Backend     opencl
3:     Devices     1
3: ---Device 0
3:         Name                Intel(R) Core(TM) i7-9700 CPU @ 3.00GHz
3:         Driver version      2020.11.10.0.05_160000
3:         Device type         cpu
3: ---Platform 2
3:     Name        Intel(R) OpenCL HD Graphics
3:     Version     OpenCL 3.0 
3:     Vendor      Intel(R) Corporation
3:     Profile     FULL_PROFILE
3:     Backend     opencl
3:     Devices     1
3: ---Device 0
3:         Name                Intel(R) Gen9 HD Graphics NEO
3:         Driver version      20.41.18123
3:         Device type         gpu
3: ---Platform 3
3:     Name        Intel(R) Level-Zero
3:     Version     1.0
3:     Vendor      Intel(R) Corporation
3:     Profile     FULL_PROFILE
3:     Backend     level_zero
3:     Devices     1
3: ---Device 0
3:         Name                Intel(R) Gen9
3:         Driver version      1.0.18123
3:         Device type         gpu
3: ---Platform 4
3:     Name        SYCL host platform
3:     Version     1.2
3:     Vendor      unknown
3:     Profile     FULL PROFILE
3:     Backend     unknown
3:     Devices     1
3: ---Device 0
3:         Name                SYCL host device
3:         Driver version      1.2
3:         Device type         host
3: [       OK ] TestDPPLSyclPlatformInterface.CheckDPPLPlatformDumpInfo (0 ms)
3: [----------] 4 tests from TestDPPLSyclPlatformInterface (145 ms total)
3: 
3: [----------] Global test environment tear-down
3: [==========] 4 tests from 1 test suite ran. (145 ms total)
3: [  PASSED  ] 4 tests.
3/7 Test #3: test_sycl_platform_interface .....   Passed    0.20 sec
test 4
    Start 4: test_sycl_program_interface

4: Test command: /home/diptorupd/Desktop/devel/dpctl/backends/build/tests/test_sycl_program_interface
4: Test timeout computed to be: 10000000
4: [==========] Running 4 tests from 1 test suite.
4: [----------] Global test environment set-up.
4: [----------] 4 tests from TestDPPLSyclProgramInterface
4: [ RUN      ] TestDPPLSyclProgramInterface.CheckCreateFromOCLSource
4: [       OK ] TestDPPLSyclProgramInterface.CheckCreateFromOCLSource (393 ms)
4: [ RUN      ] TestDPPLSyclProgramInterface.CheckCreateFromOCLSpirv
4: [       OK ] TestDPPLSyclProgramInterface.CheckCreateFromOCLSpirv (76 ms)
4: [ RUN      ] TestDPPLSyclProgramInterface.CheckGetKernelOCLSource
4: [       OK ] TestDPPLSyclProgramInterface.CheckGetKernelOCLSource (248 ms)
4: [ RUN      ] TestDPPLSyclProgramInterface.CheckGetKernelOCLSpirv
4: [       OK ] TestDPPLSyclProgramInterface.CheckGetKernelOCLSpirv (77 ms)
4: [----------] 4 tests from TestDPPLSyclProgramInterface (794 ms total)
4: 
4: [----------] Global test environment tear-down
4: [==========] 4 tests from 1 test suite ran. (794 ms total)
4: [  PASSED  ] 4 tests.
4/7 Test #4: test_sycl_program_interface ......   Passed    0.90 sec
test 5
    Start 5: test_sycl_queue_interface

5: Test command: /home/diptorupd/Desktop/devel/dpctl/backends/build/tests/test_sycl_queue_interface
5: Test timeout computed to be: 10000000
5: [==========] Running 6 tests from 1 test suite.
5: [----------] Global test environment set-up.
5: [----------] 6 tests from TestDPPLSyclQueueInterface
5: [ RUN      ] TestDPPLSyclQueueInterface.CheckAreEq
5: [       OK ] TestDPPLSyclQueueInterface.CheckAreEq (139 ms)
5: [ RUN      ] TestDPPLSyclQueueInterface.CheckAreEq2
5: [       OK ] TestDPPLSyclQueueInterface.CheckAreEq2 (104 ms)
5: [ RUN      ] TestDPPLSyclQueueInterface.CheckGetBackend
5: [       OK ] TestDPPLSyclQueueInterface.CheckGetBackend (0 ms)
5: [ RUN      ] TestDPPLSyclQueueInterface.CheckGetContext
5: [       OK ] TestDPPLSyclQueueInterface.CheckGetContext (0 ms)
5: [ RUN      ] TestDPPLSyclQueueInterface.CheckGetDevice
5: [       OK ] TestDPPLSyclQueueInterface.CheckGetDevice (0 ms)
5: [ RUN      ] TestDPPLSyclQueueInterface.CheckSubmit
5: [       OK ] TestDPPLSyclQueueInterface.CheckSubmit (250 ms)
5: [----------] 6 tests from TestDPPLSyclQueueInterface (494 ms total)
5: 
5: [----------] Global test environment tear-down
5: [==========] 6 tests from 1 test suite ran. (494 ms total)
5: [  PASSED  ] 6 tests.
5/7 Test #5: test_sycl_queue_interface ........   Passed    0.56 sec
test 6
    Start 6: test_sycl_queue_manager

6: Test command: /home/diptorupd/Desktop/devel/dpctl/backends/build/tests/test_sycl_queue_manager
6: Test timeout computed to be: 10000000
6: [==========] Running 9 tests from 1 test suite.
6: [----------] Global test environment set-up.
6: [----------] 9 tests from TestDPPLSyclQueueManager
6: [ RUN      ] TestDPPLSyclQueueManager.CheckDPPLGetCurrentQueue
6: [       OK ] TestDPPLSyclQueueManager.CheckDPPLGetCurrentQueue (147 ms)
6: [ RUN      ] TestDPPLSyclQueueManager.CheckDPPLGetOpenCLCpuQ
6: OpenCL CPU device 2 not found on system.
6: [       OK ] TestDPPLSyclQueueManager.CheckDPPLGetOpenCLCpuQ (98 ms)
6: [ RUN      ] TestDPPLSyclQueueManager.CheckDPPLGetOpenCLGpuQ
6: OpenCL GPU device 2 not found on system.
6: [       OK ] TestDPPLSyclQueueManager.CheckDPPLGetOpenCLGpuQ (0 ms)
6: [ RUN      ] TestDPPLSyclQueueManager.CheckDPPLGetLevel0GpuQ
6: Level-0 GPU device 2 not found on system.
6: [       OK ] TestDPPLSyclQueueManager.CheckDPPLGetLevel0GpuQ (0 ms)
6: [ RUN      ] TestDPPLSyclQueueManager.CheckGetNumActivatedQueues
6: [       OK ] TestDPPLSyclQueueManager.CheckGetNumActivatedQueues (1 ms)
6: [ RUN      ] TestDPPLSyclQueueManager.CheckDPPLDumpDeviceInfo
6:     Name            Intel(R) Gen9
6:     Driver version  1.0.18123
6:     Vendor          Intel(R) Corporation
6:     Profile         FULL_PROFILE
6:     Device type     gpu
6: [       OK ] TestDPPLSyclQueueManager.CheckDPPLDumpDeviceInfo (0 ms)
6: [ RUN      ] TestDPPLSyclQueueManager.CheckIsCurrentQueue
6: [       OK ] TestDPPLSyclQueueManager.CheckIsCurrentQueue (0 ms)
6: [ RUN      ] TestDPPLSyclQueueManager.CheckIsCurrentQueue2
6: [       OK ] TestDPPLSyclQueueManager.CheckIsCurrentQueue2 (0 ms)
6: [ RUN      ] TestDPPLSyclQueueManager.CreateQueueFromDeviceAndContext
6: [       OK ] TestDPPLSyclQueueManager.CreateQueueFromDeviceAndContext (0 ms)
6: [----------] 9 tests from TestDPPLSyclQueueManager (246 ms total)
6: 
6: [----------] Global test environment tear-down
6: [==========] 9 tests from 1 test suite ran. (246 ms total)
6: [  PASSED  ] 9 tests.
6/7 Test #6: test_sycl_queue_manager ..........   Passed    0.31 sec
test 7
    Start 7: test_sycl_usm_interface

7: Test command: /home/diptorupd/Desktop/devel/dpctl/backends/build/tests/test_sycl_usm_interface
7: Test timeout computed to be: 10000000
7: [==========] Running 6 tests from 1 test suite.
7: [----------] Global test environment set-up.
7: [----------] 6 tests from TestDPPLSyclUSMInterface
7: [ RUN      ] TestDPPLSyclUSMInterface.MallocShared
7: [       OK ] TestDPPLSyclUSMInterface.MallocShared (242 ms)
7: [ RUN      ] TestDPPLSyclUSMInterface.MallocDevice
7: [       OK ] TestDPPLSyclUSMInterface.MallocDevice (0 ms)
7: [ RUN      ] TestDPPLSyclUSMInterface.MallocHost
7: [       OK ] TestDPPLSyclUSMInterface.MallocHost (0 ms)
7: [ RUN      ] TestDPPLSyclUSMInterface.AlignedAllocShared
7: [       OK ] TestDPPLSyclUSMInterface.AlignedAllocShared (0 ms)
7: [ RUN      ] TestDPPLSyclUSMInterface.AlignedAllocDevice
7: [       OK ] TestDPPLSyclUSMInterface.AlignedAllocDevice (1 ms)
7: [ RUN      ] TestDPPLSyclUSMInterface.AlignedAllocHost
7: [       OK ] TestDPPLSyclUSMInterface.AlignedAllocHost (0 ms)
7: [----------] 6 tests from TestDPPLSyclUSMInterface (243 ms total)
7: 
7: [----------] Global test environment tear-down
7: [==========] 6 tests from 1 test suite ran. (243 ms total)
7: [  PASSED  ] 6 tests.
7/7 Test #7: test_sycl_usm_interface ..........   Passed    0.35 sec

100% tests passed, 0 tests failed out of 7

Total Test time (real) =   3.35 sec
[100%] Built target check
[100%] Built target DPPLSyclInterface
Install the project...
-- Install configuration: "Debug"
-- Installing: /home/diptorupd/Desktop/devel/dpctl/backends/install/lib/libDPPLSyclInterface.so
-- Installing: /home/diptorupd/Desktop/devel/dpctl/backends/install/include/dppl_data_types.h
-- Installing: /home/diptorupd/Desktop/devel/dpctl/backends/install/include/dppl_sycl_context_interface.h
-- Installing: /home/diptorupd/Desktop/devel/dpctl/backends/install/include/dppl_sycl_device_interface.h
-- Installing: /home/diptorupd/Desktop/devel/dpctl/backends/install/include/dppl_sycl_enum_types.h
-- Installing: /home/diptorupd/Desktop/devel/dpctl/backends/install/include/dppl_sycl_event_interface.h
-- Installing: /home/diptorupd/Desktop/devel/dpctl/backends/install/include/dppl_sycl_kernel_interface.h
-- Installing: /home/diptorupd/Desktop/devel/dpctl/backends/install/include/dppl_sycl_platform_interface.h
-- Installing: /home/diptorupd/Desktop/devel/dpctl/backends/install/include/dppl_sycl_program_interface.h
-- Installing: /home/diptorupd/Desktop/devel/dpctl/backends/install/include/dppl_sycl_queue_interface.h
-- Installing: /home/diptorupd/Desktop/devel/dpctl/backends/install/include/dppl_sycl_queue_manager.h
-- Installing: /home/diptorupd/Desktop/devel/dpctl/backends/install/include/dppl_sycl_types.h
-- Installing: /home/diptorupd/Desktop/devel/dpctl/backends/install/include/dppl_sycl_usm_interface.h
-- Installing: /home/diptorupd/Desktop/devel/dpctl/backends/install/include/dppl_utils.h
-- Installing: /home/diptorupd/Desktop/devel/dpctl/backends/install/include/Support/CBindingWrapping.h
-- Installing: /home/diptorupd/Desktop/devel/dpctl/backends/install/include/Support/DllExport.h
-- Installing: /home/diptorupd/Desktop/devel/dpctl/backends/install/include/Support/ExternC.h
-- Installing: /home/diptorupd/Desktop/devel/dpctl/backends/install/include/Support/MemOwnershipAttrs.h
~/Desktop/devel/dpctl/backends
